[2026-04-13 16:34:16] | [INFO] | Sistema de logging inicializado correctamente
[2026-04-13 16:34:17] | [DEBUG] | Verificaci de salud del servidor solicitada
[2026-04-13 16:34:17] | [INFO] | Servidor funcionando correctamente
[2026-04-13 16:34:17] | [DEBUG] | Iniciando proceso de registro de usuario
[2026-04-13 16:34:17] | [DEBUG] | Procesando registro para email: ci_testuser@example.com
[2026-04-13 16:34:17] | [DEBUG] | Iniciando registro de usuario: ci_testuser@example.com
[2026-04-13 16:34:17] | [DEBUG] | Contrase hasheada para usuario: ci_testuser@example.com
[2026-04-13 16:34:17] | [INFO] | Usuario registrado exitosamente en base de datos: ci_testuser@example.com
[2026-04-13 16:34:17] | [INFO] | Usuario registrado exitosamente: ci_testuser@example.com
[2026-04-13 16:34:17] | [DEBUG] | Iniciando proceso de registro de usuario
[2026-04-13 16:34:17] | [DEBUG] | Procesando registro para email: ci_testuser@example.com
[2026-04-13 16:34:17] | [DEBUG] | Iniciando registro de usuario: ci_testuser@example.com
[2026-04-13 16:34:17] | [WARNING] | Intento de registro de usuario ya existente: ci_testuser@example.com
[2026-04-13 16:34:17] | [WARNING] | Registro fallido para email ci_testuser@example.com: El usuario ya existe
[2026-04-13 16:34:17] | [DEBUG] | Iniciando proceso de autenticaci
[2026-04-13 16:34:17] | [DEBUG] | Procesando autenticaci para email: ci_testuser@example.com
[2026-04-13 16:34:17] | [DEBUG] | Iniciando autenticaci para usuario: ci_testuser@example.com
[2026-04-13 16:34:17] | [DEBUG] | Usuario encontrado: ci_testuser@example.com, verificando contrase
[2026-04-13 16:34:17] | [INFO] | Autenticaci exitosa para usuario: ci_testuser@example.com
[2026-04-13 16:34:17] | [INFO] | Login exitoso para usuario: ci_testuser@example.com
[2026-04-13 16:34:17] | [DEBUG] | Iniciando proceso de autenticaci
[2026-04-13 16:34:17] | [DEBUG] | Procesando autenticaci para email: ci_testuser@example.com
[2026-04-13 16:34:17] | [DEBUG] | Iniciando autenticaci para usuario: ci_testuser@example.com
[2026-04-13 16:34:17] | [DEBUG] | Usuario encontrado: ci_testuser@example.com, verificando contrase
[2026-04-13 16:34:18] | [INFO] | Autenticaci exitosa para usuario: ci_testuser@example.com
[2026-04-13 16:34:18] | [INFO] | Login exitoso para usuario: ci_testuser@example.com
[2026-04-13 16:34:18] | [DEBUG] | Iniciando proceso de creaci de reserva
[2026-04-13 16:34:18] | [DEBUG] | Verificando autenticaci en request
[2026-04-13 16:34:18] | [DEBUG] | Verificando token JWT
[2026-04-13 16:34:18] | [DEBUG] | Token JWT v疝ido
[2026-04-13 16:34:18] | [DEBUG] | Usuario autorizado: 5
[2026-04-13 16:34:18] | [DEBUG] | Usuario 5: Creando reserva con cantidad 1
[2026-04-13 16:34:18] | [INFO] | Reserva creada exitosamente para usuario 5: cantidad 1
[2026-04-13 16:34:18] | [DEBUG] | Iniciando proceso de autenticaci
[2026-04-13 16:34:18] | [DEBUG] | Procesando autenticaci para email: ci_testuser@example.com
[2026-04-13 16:34:18] | [DEBUG] | Iniciando autenticaci para usuario: ci_testuser@example.com
[2026-04-13 16:34:18] | [DEBUG] | Usuario encontrado: ci_testuser@example.com, verificando contrase
[2026-04-13 16:34:18] | [WARNING] | Contrase incorrecta para usuario: ci_testuser@example.com
[2026-04-13 16:34:18] | [WARNING] | Credenciales incorrectas para email: ci_testuser@example.com
[2026-04-13 16:36:23] | [INFO] | Sistema de logging inicializado correctamente
[2026-04-13 16:36:23] | [DEBUG] | Iniciando proceso de registro de usuario
[2026-04-13 16:36:23] | [ERROR] | Error interno del servidor durante registro: 400 Bad Request: The browser (or proxy) sent a request that this server could not understand.
